<?xml version="1.0" encoding="UTF-8"?>
<testsuite xmlns:xsi="http://www.w3.org/2001/XMLSchema-instance" xsi:schemaLocation="https://maven.apache.org/surefire/maven-surefire-plugin/xsd/surefire-test-report.xsd" name="PersonTest" time="0.561" tests="6" errors="0" skipped="0" failures="2">
  <properties>
[...]
</properties>
  <testcase name="testPerson" classname="PersonTest" time="0.026">
    <failure message="expected [false] but found [true]" type="java.lang.AssertionError">java.lang.AssertionError: expected [false] but found [true]
	at PersonTest.testPerson(PersonTest.java:42)
</failure>
    <system-out><![CDATA[Before class
2022/03/18 13:15:17
10 age - true
]]></system-out>
  </testcase>
  <testcase name="testPerson" classname="PersonTest" time="0.001"/>
  <testcase name="testPerson" classname="PersonTest" time="0.001"/>
  <testcase name="testPerson" classname="PersonTest" time="0"/>
  <testcase name="testPerson" classname="PersonTest" time="0.001">
    <failure message="expected [true] but found [false]" type="java.lang.AssertionError">java.lang.AssertionError: expected [true] but found [false]
	at PersonTest.testPerson(PersonTest.java:42)
</failure>
    <system-out><![CDATA[19 age - false
]]></system-out>
  </testcase>
  <testcase name="testPerson" classname="PersonTest" time="0.001"/>
</testsuite>